<?xml version="1.0" encoding="UTF-8"?>
<testsuite xmlns:xsi="http://www.w3.org/2001/XMLSchema-instance" xsi:noNamespaceSchemaLocation="https://maven.apache.org/surefire/maven-surefire-plugin/xsd/surefire-test-report-3.0.xsd" version="3.0" name="com.carsharing.carsharing.CarsharingApplicationTests" time="5.763" tests="7" errors="2" skipped="0" failures="0">
  <properties>
[...]
</properties>
  <testcase name="testGetBookingById" classname="com.carsharing.carsharing.CarsharingApplicationTests" time="1.142">
    <error message="Error while extracting response for type [class com.carsharing.carsharing.model.Booking] and content type [application/json]" type="org.springframework.web.client.RestClientException"><![CDATA[org.springframework.web.client.RestClientException: Error while extracting response for type [class com.carsharing.carsharing.model.Booking] and content type [application/json]
	at org.springframework.web.client.HttpMessageConverterExtractor.extractData(HttpMessageConverterExtractor.java:119)
	at org.springframework.web.client.RestTemplate$ResponseEntityResponseExtractor.extractData(RestTemplate.java:1159)
	at org.springframework.web.client.RestTemplate$ResponseEntityResponseExtractor.extractData(RestTemplate.java:1142)
	at org.springframework.web.client.RestTemplate.doExecute(RestTemplate.java:892)
	at org.springframework.web.client.RestTemplate.execute(RestTemplate.java:790)
	at org.springframework.web.client.RestTemplate.getForEntity(RestTemplate.java:431)
	at org.springframework.boot.test.web.client.TestRestTemplate.getForEntity(TestRestTemplate.java:244)
	at com.carsharing.carsharing.CarsharingApplicationTests.testGetBookingById(CarsharingApplicationTests.java:229)
	at java.base/java.lang.reflect.Method.invoke(Method.java:580)
	at java.base/java.util.ArrayList.forEach(ArrayList.java:1596)
	at java.base/java.util.ArrayList.forEach(ArrayList.java:1596)
Caused by: org.springframework.http.converter.HttpMessageNotReadableException: JSON parse error: Unrecognized token 'Type': was expecting (JSON String, Number, Array, Object or token 'null', 'true' or 'false')
	at org.springframework.http.converter.json.AbstractJackson2HttpMessageConverter.readJavaType(AbstractJackson2HttpMessageConverter.java:406)
	at org.springframework.http.converter.json.AbstractJackson2HttpMessageConverter.read(AbstractJackson2HttpMessageConverter.java:354)
	at org.springframework.web.client.HttpMessageConverterExtractor.extractData(HttpMessageConverterExtractor.java:104)
	... 10 more
Caused by: com.fasterxml.jackson.core.JsonParseException: Unrecognized token 'Type': was expecting (JSON String, Number, Array, Object or token 'null', 'true' or 'false')
 at [Source: REDACTED (`StreamReadFeature.INCLUDE_SOURCE_IN_LOCATION` disabled); line: 1, column: 6]
	at com.fasterxml.jackson.core.JsonParser._constructError(JsonParser.java:2572)
	at com.fasterxml.jackson.core.JsonParser._constructReadException(JsonParser.java:2598)
	at com.fasterxml.jackson.core.JsonParser._constructReadException(JsonParser.java:2606)
	at com.fasterxml.jackson.core.base.ParserMinimalBase._reportError(ParserMinimalBase.java:765)
	at com.fasterxml.jackson.core.json.UTF8StreamJsonParser._reportInvalidToken(UTF8StreamJsonParser.java:3659)
	at com.fasterxml.jackson.core.json.UTF8StreamJsonParser._handleUnexpectedValue(UTF8StreamJsonParser.java:2747)
	at com.fasterxml.jackson.core.json.UTF8StreamJsonParser._nextTokenNotInObject(UTF8StreamJsonParser.java:867)
	at com.fasterxml.jackson.core.json.UTF8StreamJsonParser.nextToken(UTF8StreamJsonParser.java:753)
	at com.fasterxml.jackson.databind.ObjectReader._initForReading(ObjectReader.java:357)
	at com.fasterxml.jackson.databind.ObjectReader._bindAndClose(ObjectReader.java:2115)
	at com.fasterxml.jackson.databind.ObjectReader.readValue(ObjectReader.java:1501)
	at org.springframework.http.converter.json.AbstractJackson2HttpMessageConverter.readJavaType(AbstractJackson2HttpMessageConverter.java:395)
	... 12 more
]]></error>
    <system-out><![CDATA[14:59:09.925 [main] INFO org.springframework.test.context.support.AnnotationConfigContextLoaderUtils -- Could not detect default configuration classes for test class [com.carsharing.carsharing.CarsharingApplicationTests]: CarsharingApplicationTests does not declare any static, non-private, non-final, nested classes annotated with @Configuration.
14:59:10.011 [main] INFO org.springframework.boot.test.context.SpringBootTestContextBootstrapper -- Found @SpringBootConfiguration com.carsharing.carsharing.CarsharingApplication for test class com.carsharing.carsharing.CarsharingApplicationTests

  .   ____          _            __ _ _
 /\\ / ___'_ __ _ _(_)_ __  __ _ \ \ \ \
( ( )\___ | '_ | '_| | '_ \/ _` | \ \ \ \
 \\/  ___)| |_)| | | | | || (_| |  ) ) ) )
  '  |____| .__|_| |_|_| |_\__, | / / / /
 =========|_|==============|___/=/_/_/_/

 :: Spring Boot ::                (v3.3.4)

2024-10-31T14:59:10.389+01:00  INFO 16060 --- [           main] c.c.c.CarsharingApplicationTests         : Starting CarsharingApplicationTests using Java 21.0.5 with PID 16060 (started by Lingling in D:\Programs\Projects\carsharing\carsharing\carsharing)
2024-10-31T14:59:10.390+01:00  INFO 16060 --- [           main] c.c.c.CarsharingApplicationTests         : The following 1 profile is active: "dev"
2024-10-31T14:59:10.924+01:00  INFO 16060 --- [           main] .s.d.r.c.RepositoryConfigurationDelegate : Bootstrapping Spring Data JPA repositories in DEFAULT mode.
2024-10-31T14:59:11.085+01:00  INFO 16060 --- [           main] .s.d.r.c.RepositoryConfigurationDelegate : Finished Spring Data repository scanning in 151 ms. Found 2 JPA repository interfaces.
2024-10-31T14:59:11.656+01:00  INFO 16060 --- [           main] o.s.b.w.embedded.tomcat.TomcatWebServer  : Tomcat initialized with port 0 (http)
2024-10-31T14:59:11.674+01:00  INFO 16060 --- [           main] o.apache.catalina.core.StandardService   : Starting service [Tomcat]
2024-10-31T14:59:11.674+01:00  INFO 16060 --- [           main] o.apache.catalina.core.StandardEngine    : Starting Servlet engine: [Apache Tomcat/10.1.30]
2024-10-31T14:59:11.741+01:00  INFO 16060 --- [           main] o.a.c.c.C.[Tomcat].[localhost].[/api]    : Initializing Spring embedded WebApplicationContext
2024-10-31T14:59:11.742+01:00  INFO 16060 --- [           main] w.s.c.ServletWebServerApplicationContext : Root WebApplicationContext: initialization completed in 1336 ms
2024-10-31T14:59:11.770+01:00  INFO 16060 --- [           main] com.zaxxer.hikari.HikariDataSource       : HikariPool-1 - Starting...
2024-10-31T14:59:11.949+01:00  INFO 16060 --- [           main] com.zaxxer.hikari.pool.HikariPool        : HikariPool-1 - Added connection conn0: url=jdbc:h2:mem:testdb user=SA
2024-10-31T14:59:11.951+01:00  INFO 16060 --- [           main] com.zaxxer.hikari.HikariDataSource       : HikariPool-1 - Start completed.
2024-10-31T14:59:11.960+01:00  INFO 16060 --- [           main] o.s.b.a.h2.H2ConsoleAutoConfiguration    : H2 console available at '/h2-console'. Database available at 'jdbc:h2:mem:testdb'
2024-10-31T14:59:12.078+01:00  INFO 16060 --- [           main] o.hibernate.jpa.internal.util.LogHelper  : HHH000204: Processing PersistenceUnitInfo [name: default]
2024-10-31T14:59:12.143+01:00  INFO 16060 --- [           main] org.hibernate.Version                    : HHH000412: Hibernate ORM core version 6.5.3.Final
2024-10-31T14:59:12.177+01:00  INFO 16060 --- [           main] o.h.c.internal.RegionFactoryInitiator    : HHH000026: Second-level cache disabled
2024-10-31T14:59:12.413+01:00  INFO 16060 --- [           main] o.s.o.j.p.SpringPersistenceUnitInfo      : No LoadTimeWeaver setup: ignoring JPA class transformer
2024-10-31T14:59:13.186+01:00  INFO 16060 --- [           main] o.h.e.t.j.p.i.JtaPlatformInitiator       : HHH000489: No JTA platform available (set 'hibernate.transaction.jta.platform' to enable JTA platform integration)
Hibernate: create table booking (id bigint generated by default as identity, customer_name varchar(255), end_time varchar(255), start_time varchar(255), car_id bigint not null, primary key (id))
Hibernate: create table cars (id bigint generated by default as identity, brand varchar(255), license_plate varchar(255), model varchar(255), primary key (id))
Hibernate: alter table if exists booking add constraint FK24d9lvopsgghucri5ad7c7umo foreign key (car_id) references cars
2024-10-31T14:59:13.240+01:00  INFO 16060 --- [           main] j.LocalContainerEntityManagerFactoryBean : Initialized JPA EntityManagerFactory for persistence unit 'default'
2024-10-31T14:59:13.583+01:00  WARN 16060 --- [           main] JpaBaseConfiguration$JpaWebConfiguration : spring.jpa.open-in-view is enabled by default. Therefore, database queries may be performed during view rendering. Explicitly configure spring.jpa.open-in-view to disable this warning
2024-10-31T14:59:13.915+01:00  INFO 16060 --- [           main] o.s.b.w.embedded.tomcat.TomcatWebServer  : Tomcat started on port 65530 (http) with context path '/api'
2024-10-31T14:59:13.922+01:00  INFO 16060 --- [           main] c.c.c.CarsharingApplicationTests         : Started CarsharingApplicationTests in 3.796 seconds (process running for 4.598)
Hibernate: insert into cars (brand,license_plate,model,id) values (?,?,?,default)
Hibernate: insert into cars (brand,license_plate,model,id) values (?,?,?,default)
Hibernate: insert into cars (brand,license_plate,model,id) values (?,?,?,default)
Hibernate: select c1_0.id,c1_0.brand,c1_0.license_plate,c1_0.model,b1_0.car_id,b1_0.id,b1_0.customer_name,b1_0.end_time,b1_0.start_time from cars c1_0 left join booking b1_0 on c1_0.id=b1_0.car_id where c1_0.id=?
Hibernate: select c1_0.id,c1_0.brand,c1_0.license_plate,c1_0.model,b1_0.car_id,b1_0.id,b1_0.customer_name,b1_0.end_time,b1_0.start_time from cars c1_0 left join booking b1_0 on c1_0.id=b1_0.car_id where c1_0.id=?
Hibernate: select c1_0.id,c1_0.brand,c1_0.license_plate,c1_0.model,b1_0.car_id,b1_0.id,b1_0.customer_name,b1_0.end_time,b1_0.start_time from cars c1_0 left join booking b1_0 on c1_0.id=b1_0.car_id where c1_0.id=?
Hibernate: insert into booking (car_id,customer_name,end_time,start_time,id) values (?,?,?,?,default)
Hibernate: select b1_0.id,b1_0.car_id,b1_0.customer_name,b1_0.end_time,b1_0.start_time from booking b1_0 where b1_0.id=?
Hibernate: select b1_0.id,b1_0.car_id,b1_0.customer_name,b1_0.end_time,b1_0.start_time from booking b1_0
Hibernate: delete from booking where id=?
Hibernate: select c1_0.id,c1_0.brand,c1_0.license_plate,c1_0.model from cars c1_0
Hibernate: select b1_0.car_id,b1_0.id,b1_0.customer_name,b1_0.end_time,b1_0.start_time from booking b1_0 where b1_0.car_id=?
Hibernate: select b1_0.car_id,b1_0.id,b1_0.customer_name,b1_0.end_time,b1_0.start_time from booking b1_0 where b1_0.car_id=?
Hibernate: select b1_0.car_id,b1_0.id,b1_0.customer_name,b1_0.end_time,b1_0.start_time from booking b1_0 where b1_0.car_id=?
Hibernate: delete from cars where id=?
Hibernate: delete from cars where id=?
Hibernate: delete from cars where id=?
Hibernate: insert into cars (brand,license_plate,model,id) values (?,?,?,default)
Hibernate: insert into booking (car_id,customer_name,end_time,start_time,id) values (?,?,?,?,default)
2024-10-31T14:59:14.855+01:00  INFO 16060 --- [o-auto-1-exec-1] o.a.c.c.C.[Tomcat].[localhost].[/api]    : Initializing Spring DispatcherServlet 'dispatcherServlet'
2024-10-31T14:59:14.855+01:00  INFO 16060 --- [o-auto-1-exec-1] o.s.web.servlet.DispatcherServlet        : Initializing Servlet 'dispatcherServlet'
2024-10-31T14:59:14.856+01:00  INFO 16060 --- [o-auto-1-exec-1] o.s.web.servlet.DispatcherServlet        : Completed initialization in 1 ms
Hibernate: select b1_0.id,b1_0.car_id,b1_0.customer_name,b1_0.end_time,b1_0.start_time from booking b1_0 where b1_0.id=?
Hibernate: select c1_0.id,c1_0.brand,c1_0.license_plate,c1_0.model from cars c1_0 where c1_0.id=?
]]></system-out>
    <system-err><![CDATA[WARNING: A Java agent has been loaded dynamically (C:\Users\Lingling\.m2\repository\net\bytebuddy\byte-buddy-agent\1.14.19\byte-buddy-agent-1.14.19.jar)
WARNING: If a serviceability tool is in use, please run with -XX:+EnableDynamicAgentLoading to hide this warning
WARNING: If a serviceability tool is not in use, please run with -Djdk.instrument.traceUsage for more information
WARNING: Dynamic loading of agents will be disallowed by default in a future release
]]></system-err>
  </testcase>
  <testcase name="testUpdateCar" classname="com.carsharing.carsharing.CarsharingApplicationTests" time="0.047">
    <system-out><![CDATA[Hibernate: insert into cars (brand,license_plate,model,id) values (?,?,?,default)
Hibernate: insert into cars (brand,license_plate,model,id) values (?,?,?,default)
Hibernate: insert into cars (brand,license_plate,model,id) values (?,?,?,default)
Hibernate: select c1_0.id,c1_0.brand,c1_0.license_plate,c1_0.model,b1_0.car_id,b1_0.id,b1_0.customer_name,b1_0.end_time,b1_0.start_time from cars c1_0 left join booking b1_0 on c1_0.id=b1_0.car_id where c1_0.id=?
Hibernate: select c1_0.id,c1_0.brand,c1_0.license_plate,c1_0.model,b1_0.car_id,b1_0.id,b1_0.customer_name,b1_0.end_time,b1_0.start_time from cars c1_0 left join booking b1_0 on c1_0.id=b1_0.car_id where c1_0.id=?
Hibernate: select c1_0.id,c1_0.brand,c1_0.license_plate,c1_0.model,b1_0.car_id,b1_0.id,b1_0.customer_name,b1_0.end_time,b1_0.start_time from cars c1_0 left join booking b1_0 on c1_0.id=b1_0.car_id where c1_0.id=?
Hibernate: insert into booking (car_id,customer_name,end_time,start_time,id) values (?,?,?,?,default)
Hibernate: select b1_0.id,b1_0.car_id,b1_0.customer_name,b1_0.end_time,b1_0.start_time from booking b1_0 where b1_0.id=?
Hibernate: insert into cars (brand,license_plate,model,id) values (?,?,?,default)
Hibernate: select c1_0.id,c1_0.brand,c1_0.license_plate,c1_0.model from cars c1_0 where c1_0.id=?
Hibernate: update cars set brand=?,license_plate=?,model=? where id=?
]]></system-out>
  </testcase>
  <testcase name="testGetCars" classname="com.carsharing.carsharing.CarsharingApplicationTests" time="0.069">
    <system-out><![CDATA[Hibernate: insert into cars (brand,license_plate,model,id) values (?,?,?,default)
Hibernate: insert into cars (brand,license_plate,model,id) values (?,?,?,default)
Hibernate: insert into cars (brand,license_plate,model,id) values (?,?,?,default)
Hibernate: select c1_0.id,c1_0.brand,c1_0.license_plate,c1_0.model,b1_0.car_id,b1_0.id,b1_0.customer_name,b1_0.end_time,b1_0.start_time from cars c1_0 left join booking b1_0 on c1_0.id=b1_0.car_id where c1_0.id=?
Hibernate: select c1_0.id,c1_0.brand,c1_0.license_plate,c1_0.model,b1_0.car_id,b1_0.id,b1_0.customer_name,b1_0.end_time,b1_0.start_time from cars c1_0 left join booking b1_0 on c1_0.id=b1_0.car_id where c1_0.id=?
Hibernate: select c1_0.id,c1_0.brand,c1_0.license_plate,c1_0.model,b1_0.car_id,b1_0.id,b1_0.customer_name,b1_0.end_time,b1_0.start_time from cars c1_0 left join booking b1_0 on c1_0.id=b1_0.car_id where c1_0.id=?
Hibernate: insert into booking (car_id,customer_name,end_time,start_time,id) values (?,?,?,?,default)
Hibernate: select b1_0.id,b1_0.car_id,b1_0.customer_name,b1_0.end_time,b1_0.start_time from booking b1_0 where b1_0.id=?
Hibernate: select c1_0.id,c1_0.brand,c1_0.license_plate,c1_0.model from cars c1_0
Cars: [Car{id=4, brand='Audi', model='A4', licensePlate='M-AB 1234'}, Car{id=5, brand='Audi', model='A4', licensePlate='M-AB 1234'}, Car{id=6, brand='BMW', model='X5', licensePlate='M-CD 5678'}, Car{id=7, brand='Mercedes', model='C-Klasse', licensePlate='M-EF 9101'}, Car{id=8, brand='Audi', model='A6', licensePlate='M-AB 4321'}, Car{id=9, brand='Audi', model='A4', licensePlate='M-AB 1234'}, Car{id=10, brand='BMW', model='X5', licensePlate='M-CD 5678'}, Car{id=11, brand='Mercedes', model='C-Klasse', licensePlate='M-EF 9101'}]
]]></system-out>
  </testcase>
  <testcase name="testGetAllBookings" classname="com.carsharing.carsharing.CarsharingApplicationTests" time="0.024">
    <error message="Error while extracting response for type [java.util.List&lt;com.carsharing.carsharing.model.Booking&gt;] and content type [application/json]" type="org.springframework.web.client.RestClientException"><![CDATA[org.springframework.web.client.RestClientException: Error while extracting response for type [java.util.List<com.carsharing.carsharing.model.Booking>] and content type [application/json]
	at org.springframework.web.client.HttpMessageConverterExtractor.extractData(HttpMessageConverterExtractor.java:119)
	at org.springframework.web.client.RestTemplate$ResponseEntityResponseExtractor.extractData(RestTemplate.java:1159)
	at org.springframework.web.client.RestTemplate$ResponseEntityResponseExtractor.extractData(RestTemplate.java:1142)
	at org.springframework.web.client.RestTemplate.doExecute(RestTemplate.java:892)
	at org.springframework.web.client.RestTemplate.execute(RestTemplate.java:790)
	at org.springframework.web.client.RestTemplate.exchange(RestTemplate.java:701)
	at org.springframework.boot.test.web.client.TestRestTemplate.exchange(TestRestTemplate.java:774)
	at com.carsharing.carsharing.CarsharingApplicationTests.testGetAllBookings(CarsharingApplicationTests.java:202)
	at java.base/java.lang.reflect.Method.invoke(Method.java:580)
	at java.base/java.util.ArrayList.forEach(ArrayList.java:1596)
	at java.base/java.util.ArrayList.forEach(ArrayList.java:1596)
Caused by: org.springframework.http.converter.HttpMessageNotReadableException: JSON parse error: Unrecognized token 'Type': was expecting (JSON String, Number, Array, Object or token 'null', 'true' or 'false')
	at org.springframework.http.converter.json.AbstractJackson2HttpMessageConverter.readJavaType(AbstractJackson2HttpMessageConverter.java:406)
	at org.springframework.http.converter.json.AbstractJackson2HttpMessageConverter.read(AbstractJackson2HttpMessageConverter.java:354)
	at org.springframework.web.client.HttpMessageConverterExtractor.extractData(HttpMessageConverterExtractor.java:104)
	... 10 more
Caused by: com.fasterxml.jackson.core.JsonParseException: Unrecognized token 'Type': was expecting (JSON String, Number, Array, Object or token 'null', 'true' or 'false')
 at [Source: REDACTED (`StreamReadFeature.INCLUDE_SOURCE_IN_LOCATION` disabled); line: 1, column: 6]
	at com.fasterxml.jackson.core.JsonParser._constructError(JsonParser.java:2572)
	at com.fasterxml.jackson.core.JsonParser._constructReadException(JsonParser.java:2598)
	at com.fasterxml.jackson.core.JsonParser._constructReadException(JsonParser.java:2606)
	at com.fasterxml.jackson.core.base.ParserMinimalBase._reportError(ParserMinimalBase.java:765)
	at com.fasterxml.jackson.core.json.UTF8StreamJsonParser._reportInvalidToken(UTF8StreamJsonParser.java:3659)
	at com.fasterxml.jackson.core.json.UTF8StreamJsonParser._handleUnexpectedValue(UTF8StreamJsonParser.java:2747)
	at com.fasterxml.jackson.core.json.UTF8StreamJsonParser._nextTokenNotInObject(UTF8StreamJsonParser.java:867)
	at com.fasterxml.jackson.core.json.UTF8StreamJsonParser.nextToken(UTF8StreamJsonParser.java:753)
	at com.fasterxml.jackson.databind.ObjectReader._initForReading(ObjectReader.java:357)
	at com.fasterxml.jackson.databind.ObjectReader._bindAndClose(ObjectReader.java:2115)
	at com.fasterxml.jackson.databind.ObjectReader.readValue(ObjectReader.java:1501)
	at org.springframework.http.converter.json.AbstractJackson2HttpMessageConverter.readJavaType(AbstractJackson2HttpMessageConverter.java:395)
	... 12 more
]]></error>
    <system-out><![CDATA[Hibernate: insert into cars (brand,license_plate,model,id) values (?,?,?,default)
Hibernate: insert into cars (brand,license_plate,model,id) values (?,?,?,default)
Hibernate: insert into cars (brand,license_plate,model,id) values (?,?,?,default)
Hibernate: select c1_0.id,c1_0.brand,c1_0.license_plate,c1_0.model,b1_0.car_id,b1_0.id,b1_0.customer_name,b1_0.end_time,b1_0.start_time from cars c1_0 left join booking b1_0 on c1_0.id=b1_0.car_id where c1_0.id=?
Hibernate: select c1_0.id,c1_0.brand,c1_0.license_plate,c1_0.model,b1_0.car_id,b1_0.id,b1_0.customer_name,b1_0.end_time,b1_0.start_time from cars c1_0 left join booking b1_0 on c1_0.id=b1_0.car_id where c1_0.id=?
Hibernate: select c1_0.id,c1_0.brand,c1_0.license_plate,c1_0.model,b1_0.car_id,b1_0.id,b1_0.customer_name,b1_0.end_time,b1_0.start_time from cars c1_0 left join booking b1_0 on c1_0.id=b1_0.car_id where c1_0.id=?
Hibernate: insert into booking (car_id,customer_name,end_time,start_time,id) values (?,?,?,?,default)
Hibernate: select b1_0.id,b1_0.car_id,b1_0.customer_name,b1_0.end_time,b1_0.start_time from booking b1_0 where b1_0.id=?
Hibernate: insert into cars (brand,license_plate,model,id) values (?,?,?,default)
Hibernate: insert into cars (brand,license_plate,model,id) values (?,?,?,default)
Hibernate: insert into booking (car_id,customer_name,end_time,start_time,id) values (?,?,?,?,default)
Hibernate: insert into booking (car_id,customer_name,end_time,start_time,id) values (?,?,?,?,default)
Hibernate: select b1_0.id,b1_0.car_id,b1_0.customer_name,b1_0.end_time,b1_0.start_time from booking b1_0
Hibernate: select c1_0.id,c1_0.brand,c1_0.license_plate,c1_0.model from cars c1_0 where c1_0.id=?
]]></system-out>
  </testcase>
  <testcase name="testDeleteCar" classname="com.carsharing.carsharing.CarsharingApplicationTests" time="0.266">
    <system-out><![CDATA[Hibernate: insert into cars (brand,license_plate,model,id) values (?,?,?,default)
Hibernate: insert into cars (brand,license_plate,model,id) values (?,?,?,default)
Hibernate: insert into cars (brand,license_plate,model,id) values (?,?,?,default)
Hibernate: select c1_0.id,c1_0.brand,c1_0.license_plate,c1_0.model,b1_0.car_id,b1_0.id,b1_0.customer_name,b1_0.end_time,b1_0.start_time from cars c1_0 left join booking b1_0 on c1_0.id=b1_0.car_id where c1_0.id=?
Hibernate: select c1_0.id,c1_0.brand,c1_0.license_plate,c1_0.model,b1_0.car_id,b1_0.id,b1_0.customer_name,b1_0.end_time,b1_0.start_time from cars c1_0 left join booking b1_0 on c1_0.id=b1_0.car_id where c1_0.id=?
Hibernate: select c1_0.id,c1_0.brand,c1_0.license_plate,c1_0.model,b1_0.car_id,b1_0.id,b1_0.customer_name,b1_0.end_time,b1_0.start_time from cars c1_0 left join booking b1_0 on c1_0.id=b1_0.car_id where c1_0.id=?
Hibernate: insert into booking (car_id,customer_name,end_time,start_time,id) values (?,?,?,?,default)
Hibernate: select b1_0.id,b1_0.car_id,b1_0.customer_name,b1_0.end_time,b1_0.start_time from booking b1_0 where b1_0.id=?
Hibernate: insert into cars (brand,license_plate,model,id) values (?,?,?,default)
Hibernate: select c1_0.id,c1_0.brand,c1_0.license_plate,c1_0.model from cars c1_0 where c1_0.id=?
Hibernate: select count(*) from cars c1_0 where c1_0.id=?
Hibernate: select b1_0.car_id,b1_0.id,b1_0.customer_name,b1_0.end_time,b1_0.start_time from booking b1_0 where b1_0.car_id=?
Hibernate: delete from cars where id=?
Hibernate: select c1_0.id,c1_0.brand,c1_0.license_plate,c1_0.model from cars c1_0 where c1_0.id=?
Check response status: 404 NOT_FOUND
]]></system-out>
  </testcase>
  <testcase name="testGetCarById" classname="com.carsharing.carsharing.CarsharingApplicationTests" time="0.029">
    <system-out><![CDATA[Hibernate: insert into cars (brand,license_plate,model,id) values (?,?,?,default)
Hibernate: insert into cars (brand,license_plate,model,id) values (?,?,?,default)
Hibernate: insert into cars (brand,license_plate,model,id) values (?,?,?,default)
Hibernate: select c1_0.id,c1_0.brand,c1_0.license_plate,c1_0.model,b1_0.car_id,b1_0.id,b1_0.customer_name,b1_0.end_time,b1_0.start_time from cars c1_0 left join booking b1_0 on c1_0.id=b1_0.car_id where c1_0.id=?
Hibernate: select c1_0.id,c1_0.brand,c1_0.license_plate,c1_0.model,b1_0.car_id,b1_0.id,b1_0.customer_name,b1_0.end_time,b1_0.start_time from cars c1_0 left join booking b1_0 on c1_0.id=b1_0.car_id where c1_0.id=?
Hibernate: select c1_0.id,c1_0.brand,c1_0.license_plate,c1_0.model,b1_0.car_id,b1_0.id,b1_0.customer_name,b1_0.end_time,b1_0.start_time from cars c1_0 left join booking b1_0 on c1_0.id=b1_0.car_id where c1_0.id=?
Hibernate: insert into booking (car_id,customer_name,end_time,start_time,id) values (?,?,?,?,default)
Hibernate: select b1_0.id,b1_0.car_id,b1_0.customer_name,b1_0.end_time,b1_0.start_time from booking b1_0 where b1_0.id=?
Hibernate: select c1_0.id,c1_0.brand,c1_0.license_plate,c1_0.model from cars c1_0 where c1_0.id=?
]]></system-out>
  </testcase>
  <testcase name="testAddCar" classname="com.carsharing.carsharing.CarsharingApplicationTests" time="0.027">
    <system-out><![CDATA[Hibernate: insert into cars (brand,license_plate,model,id) values (?,?,?,default)
Hibernate: insert into cars (brand,license_plate,model,id) values (?,?,?,default)
Hibernate: insert into cars (brand,license_plate,model,id) values (?,?,?,default)
Hibernate: select c1_0.id,c1_0.brand,c1_0.license_plate,c1_0.model,b1_0.car_id,b1_0.id,b1_0.customer_name,b1_0.end_time,b1_0.start_time from cars c1_0 left join booking b1_0 on c1_0.id=b1_0.car_id where c1_0.id=?
Hibernate: select c1_0.id,c1_0.brand,c1_0.license_plate,c1_0.model,b1_0.car_id,b1_0.id,b1_0.customer_name,b1_0.end_time,b1_0.start_time from cars c1_0 left join booking b1_0 on c1_0.id=b1_0.car_id where c1_0.id=?
Hibernate: select c1_0.id,c1_0.brand,c1_0.license_plate,c1_0.model,b1_0.car_id,b1_0.id,b1_0.customer_name,b1_0.end_time,b1_0.start_time from cars c1_0 left join booking b1_0 on c1_0.id=b1_0.car_id where c1_0.id=?
Hibernate: insert into booking (car_id,customer_name,end_time,start_time,id) values (?,?,?,?,default)
Hibernate: select b1_0.id,b1_0.car_id,b1_0.customer_name,b1_0.end_time,b1_0.start_time from booking b1_0 where b1_0.id=?
Hibernate: insert into cars (brand,license_plate,model,id) values (?,?,?,default)
Hibernate: select c1_0.id,c1_0.brand,c1_0.license_plate,c1_0.model from cars c1_0 where c1_0.id=?
]]></system-out>
  </testcase>
</testsuite>